<?xml version="1.0" encoding="UTF-8"?>
<testsuite name="com.ds.auction.AuctionEngineSpec" tests="4" skipped="0" failures="0" errors="0" timestamp="2015-01-10T23:32:44" hostname="ds-mbp.lan" time="0.806">
  <properties/>
  <testcase name="should send NotificationMsg.ERR_BID_LESS_MIN_PRICE to user" classname="com.ds.auction.AuctionEngineSpec" time="0.765"/>
  <testcase name="should send NotificationMsg.OK_YOUR_BID_IS_WINNING to user" classname="com.ds.auction.AuctionEngineSpec" time="0.012"/>
  <testcase name="should send  NotificationMsg.NOTIF_YOUR_BID_IS_OVERBIDDED to user 3 times" classname="com.ds.auction.AuctionEngineSpec" time="0.01"/>
  <testcase name="should send  NotificationMsg.ERR_AUCT_IS_CLOSE to user 1 times" classname="com.ds.auction.AuctionEngineSpec" time="0.006"/>
  <system-out><![CDATA[-------0
[Email to: User{name='user1', email='user2@ff.com', getNotif=true}] :Error! Your bid is less then minimum price
-------0
[Email to: User{name='user1', email='user2@ff.com', getNotif=true}] :Your bid is winning
-------1
-------0
-------1
[Email to: User{name='user1', email='user2@ff.com', getNotif=true}] :Your bid is overbidded
-------2
[Email to: User{name='user2', email='user2@ff.com', getNotif=true}] :Your bid is overbidded
-------3
[Email to: User{name='user1', email='user2@ff.com', getNotif=true}] :Your bid is overbidded
-------4
[Email to: User{name='user2', email='user2@ff.com', getNotif=true}] :Your bid is overbidded
-------5
[Email to: User{name='user1', email='user2@ff.com', getNotif=true}] :Your bid is overbidded
-------0
-------1
[Email to: User{name='user2', email='user2@ff.com', getNotif=true}] :Your bid is winning
[Email to: User{name='user1', email='user2@ff.com', getNotif=true}] :Your bid is overbidded
-------2
[Email to: User{name='user1', email='user2@ff.com', getNotif=true}] :Error! Auction is closed
]]></system-out>
  <system-err><![CDATA[]]></system-err>
</testsuite>
